<?xml version="1.0" encoding="UTF-8"?>
<testsuite name="com.chat.service.ChatDbTestSuite" tests="4" skipped="0" failures="0" errors="0" timestamp="2020-02-07T22:32:09" hostname="DESKTOP-9PLCVK5" time="1.36">
  <properties/>
  <testcase name="testChatUserFindById" classname="com.chat.service.ChatDbTestSuite" time="0.511"/>
  <testcase name="testChatUserDeleteById" classname="com.chat.service.ChatDbTestSuite" time="0.357"/>
  <testcase name="testChatUserSave" classname="com.chat.service.ChatDbTestSuite" time="0.243"/>
  <testcase name="testChatUserFindByName" classname="com.chat.service.ChatDbTestSuite" time="0.246"/>
  <system-out><![CDATA[23:31:57.629 [Test worker] DEBUG org.springframework.test.context.junit4.SpringJUnit4ClassRunner - SpringJUnit4ClassRunner constructor called with [class com.chat.service.ChatDbTestSuite]
23:31:57.638 [Test worker] DEBUG org.springframework.test.context.BootstrapUtils - Instantiating CacheAwareContextLoaderDelegate from class [org.springframework.test.context.cache.DefaultCacheAwareContextLoaderDelegate]
23:31:57.649 [Test worker] DEBUG org.springframework.test.context.BootstrapUtils - Instantiating BootstrapContext using constructor [public org.springframework.test.context.support.DefaultBootstrapContext(java.lang.Class,org.springframework.test.context.CacheAwareContextLoaderDelegate)]
23:31:57.698 [Test worker] DEBUG org.springframework.test.context.BootstrapUtils - Instantiating TestContextBootstrapper for test class [com.chat.service.ChatDbTestSuite] from class [org.springframework.boot.test.context.SpringBootTestContextBootstrapper]
23:31:57.721 [Test worker] INFO org.springframework.boot.test.context.SpringBootTestContextBootstrapper - Neither @ContextConfiguration nor @ContextHierarchy found for test class [com.chat.service.ChatDbTestSuite], using SpringBootContextLoader
23:31:57.725 [Test worker] DEBUG org.springframework.test.context.support.AbstractContextLoader - Did not detect default resource location for test class [com.chat.service.ChatDbTestSuite]: class path resource [com/chat/service/ChatDbTestSuite-context.xml] does not exist
23:31:57.726 [Test worker] DEBUG org.springframework.test.context.support.AbstractContextLoader - Did not detect default resource location for test class [com.chat.service.ChatDbTestSuite]: class path resource [com/chat/service/ChatDbTestSuiteContext.groovy] does not exist
23:31:57.726 [Test worker] INFO org.springframework.test.context.support.AbstractContextLoader - Could not detect default resource locations for test class [com.chat.service.ChatDbTestSuite]: no resource found for suffixes {-context.xml, Context.groovy}.
23:31:57.727 [Test worker] INFO org.springframework.test.context.support.AnnotationConfigContextLoaderUtils - Could not detect default configuration classes for test class [com.chat.service.ChatDbTestSuite]: ChatDbTestSuite does not declare any static, non-private, non-final, nested classes annotated with @Configuration.
23:31:57.787 [Test worker] DEBUG org.springframework.test.context.support.ActiveProfilesUtils - Could not find an 'annotation declaring class' for annotation type [org.springframework.test.context.ActiveProfiles] and class [com.chat.service.ChatDbTestSuite]
23:31:57.887 [Test worker] DEBUG org.springframework.context.annotation.ClassPathScanningCandidateComponentProvider - Identified candidate component class: file [C:\Users\maxo\IdeaProjects\chat\build\classes\java\main\com\chat\ChatApplication.class]
23:31:57.888 [Test worker] INFO org.springframework.boot.test.context.SpringBootTestContextBootstrapper - Found @SpringBootConfiguration com.chat.ChatApplication for test class com.chat.service.ChatDbTestSuite
23:31:58.016 [Test worker] DEBUG org.springframework.boot.test.context.SpringBootTestContextBootstrapper - @TestExecutionListeners is not present for class [com.chat.service.ChatDbTestSuite]: using defaults.
23:31:58.017 [Test worker] INFO org.springframework.boot.test.context.SpringBootTestContextBootstrapper - Loaded default TestExecutionListener class names from location [META-INF/spring.factories]: [org.springframework.security.test.context.support.WithSecurityContextTestExecutionListener, org.springframework.security.test.context.support.ReactorContextTestExecutionListener, org.springframework.boot.test.autoconfigure.restdocs.RestDocsTestExecutionListener, org.springframework.boot.test.autoconfigure.web.client.MockRestServiceServerResetTestExecutionListener, org.springframework.boot.test.autoconfigure.web.servlet.MockMvcPrintOnlyOnFailureTestExecutionListener, org.springframework.boot.test.autoconfigure.web.servlet.WebDriverTestExecutionListener, org.springframework.boot.test.mock.mockito.MockitoTestExecutionListener, org.springframework.boot.test.mock.mockito.ResetMocksTestExecutionListener, org.springframework.test.context.web.ServletTestExecutionListener, org.springframework.test.context.support.DirtiesContextBeforeModesTestExecutionListener, org.springframework.test.context.support.DependencyInjectionTestExecutionListener, org.springframework.test.context.support.DirtiesContextTestExecutionListener, org.springframework.test.context.transaction.TransactionalTestExecutionListener, org.springframework.test.context.jdbc.SqlScriptsTestExecutionListener, org.springframework.test.context.event.EventPublishingTestExecutionListener]
23:31:58.052 [Test worker] INFO org.springframework.boot.test.context.SpringBootTestContextBootstrapper - Using TestExecutionListeners: [org.springframework.test.context.web.ServletTestExecutionListener@7ed1e516, org.springframework.test.context.support.DirtiesContextBeforeModesTestExecutionListener@38efa083, org.springframework.boot.test.mock.mockito.MockitoTestExecutionListener@329ab55c, org.springframework.boot.test.autoconfigure.SpringBootDependencyInjectionTestExecutionListener@585774e3, org.springframework.test.context.support.DirtiesContextTestExecutionListener@295fd3aa, org.springframework.test.context.transaction.TransactionalTestExecutionListener@6cf195ba, org.springframework.test.context.jdbc.SqlScriptsTestExecutionListener@ba6ed2d, org.springframework.security.test.context.support.WithSecurityContextTestExecutionListener@68b560d6, org.springframework.test.context.event.EventPublishingTestExecutionListener@3f202ce9, org.springframework.security.test.context.support.ReactorContextTestExecutionListener@5f1c32f2, org.springframework.boot.test.autoconfigure.restdocs.RestDocsTestExecutionListener@636f73b9, org.springframework.boot.test.autoconfigure.web.client.MockRestServiceServerResetTestExecutionListener@201f0cd2, org.springframework.boot.test.autoconfigure.web.servlet.MockMvcPrintOnlyOnFailureTestExecutionListener@1e662b5c, org.springframework.boot.test.autoconfigure.web.servlet.WebDriverTestExecutionListener@205301c0, org.springframework.boot.test.mock.mockito.ResetMocksTestExecutionListener@38395cc8]
23:31:58.056 [Test worker] DEBUG org.springframework.test.annotation.ProfileValueUtils - Retrieved @ProfileValueSourceConfiguration [null] for test class [com.chat.service.ChatDbTestSuite]
23:31:58.057 [Test worker] DEBUG org.springframework.test.annotation.ProfileValueUtils - Retrieved ProfileValueSource type [class org.springframework.test.annotation.SystemProfileValueSource] for class [com.chat.service.ChatDbTestSuite]
23:31:58.057 [Test worker] DEBUG org.springframework.test.annotation.ProfileValueUtils - Retrieved @ProfileValueSourceConfiguration [null] for test class [com.chat.service.ChatDbTestSuite]
23:31:58.057 [Test worker] DEBUG org.springframework.test.annotation.ProfileValueUtils - Retrieved ProfileValueSource type [class org.springframework.test.annotation.SystemProfileValueSource] for class [com.chat.service.ChatDbTestSuite]
23:31:58.064 [Test worker] DEBUG org.springframework.test.context.support.AbstractDirtiesContextTestExecutionListener - Before test class: context [DefaultTestContext@64afd5ea testClass = ChatDbTestSuite, testInstance = [null], testMethod = [null], testException = [null], mergedContextConfiguration = [WebMergedContextConfiguration@8111185 testClass = ChatDbTestSuite, locations = '{}', classes = '{class com.chat.ChatApplication}', contextInitializerClasses = '[]', activeProfiles = '{}', propertySourceLocations = '{}', propertySourceProperties = '{org.springframework.boot.test.context.SpringBootTestContextBootstrapper=true}', contextCustomizers = set[org.springframework.boot.test.autoconfigure.properties.PropertyMappingContextCustomizer@0, org.springframework.boot.test.autoconfigure.web.servlet.WebDriverContextCustomizerFactory$Customizer@5a8fdb74, org.springframework.boot.test.context.filter.ExcludeFilterContextCustomizer@64c54ce9, org.springframework.boot.test.json.DuplicateJsonObjectContextCustomizerFactory$DuplicateJsonObjectContextCustomizer@e9c25ba, org.springframework.boot.test.mock.mockito.MockitoContextCustomizer@0, org.springframework.boot.test.web.client.TestRestTemplateContextCustomizer@21fa9832], resourceBasePath = 'src/main/webapp', contextLoader = 'org.springframework.boot.test.context.SpringBootContextLoader', parent = [null]], attributes = map['org.springframework.test.context.web.ServletTestExecutionListener.activateListener' -> true]], class annotated with @DirtiesContext [false] with mode [null].
23:31:58.066 [Test worker] DEBUG org.springframework.test.annotation.ProfileValueUtils - Retrieved @ProfileValueSourceConfiguration [null] for test class [com.chat.service.ChatDbTestSuite]
23:31:58.066 [Test worker] DEBUG org.springframework.test.annotation.ProfileValueUtils - Retrieved ProfileValueSource type [class org.springframework.test.annotation.SystemProfileValueSource] for class [com.chat.service.ChatDbTestSuite]
23:31:58.097 [Test worker] DEBUG org.springframework.test.context.support.TestPropertySourceUtils - Adding inlined properties to environment: {spring.jmx.enabled=false, org.springframework.boot.test.context.SpringBootTestContextBootstrapper=true, server.port=-1}

  .   ____          _            __ _ _
 /\\ / ___'_ __ _ _(_)_ __  __ _ \ \ \ \
( ( )\___ | '_ | '_| | '_ \/ _` | \ \ \ \
 \\/  ___)| |_)| | | | | || (_| |  ) ) ) )
  '  |____| .__|_| |_|_| |_\__, | / / / /
 =========|_|==============|___/=/_/_/_/
 :: Spring Boot ::        (v2.2.2.RELEASE)

2020-02-07 23:31:58.473  INFO 13144 --- [    Test worker] com.chat.service.ChatDbTestSuite         : Starting ChatDbTestSuite on DESKTOP-9PLCVK5 with PID 13144 (started by maxo in C:\Users\maxo\IdeaProjects\chat)
2020-02-07 23:31:58.475  INFO 13144 --- [    Test worker] com.chat.service.ChatDbTestSuite         : No active profile set, falling back to default profiles: default
2020-02-07 23:32:00.220  INFO 13144 --- [    Test worker] .s.d.r.c.RepositoryConfigurationDelegate : Bootstrapping Spring Data JPA repositories in DEFAULT mode.
2020-02-07 23:32:00.436  INFO 13144 --- [    Test worker] .s.d.r.c.RepositoryConfigurationDelegate : Finished Spring Data repository scanning in 199ms. Found 5 JPA repository interfaces.
2020-02-07 23:32:01.253  INFO 13144 --- [    Test worker] trationDelegate$BeanPostProcessorChecker : Bean 'org.springframework.transaction.annotation.ProxyTransactionManagementConfiguration' of type [org.springframework.transaction.annotation.ProxyTransactionManagementConfiguration] is not eligible for getting processed by all BeanPostProcessors (for example: not eligible for auto-proxying)
2020-02-07 23:32:01.694  INFO 13144 --- [    Test worker] o.hibernate.jpa.internal.util.LogHelper  : HHH000204: Processing PersistenceUnitInfo [name: default]
2020-02-07 23:32:01.834  INFO 13144 --- [    Test worker] org.hibernate.Version                    : HHH000412: Hibernate Core {5.4.9.Final}
2020-02-07 23:32:01.893  INFO 13144 --- [    Test worker] o.hibernate.annotations.common.Version   : HCANN000001: Hibernate Commons Annotations {5.1.0.Final}
2020-02-07 23:32:02.051  INFO 13144 --- [    Test worker] com.zaxxer.hikari.HikariDataSource       : HikariPool-1 - Starting...
2020-02-07 23:32:02.377  INFO 13144 --- [    Test worker] com.zaxxer.hikari.HikariDataSource       : HikariPool-1 - Start completed.
2020-02-07 23:32:02.427  INFO 13144 --- [    Test worker] org.hibernate.dialect.Dialect            : HHH000400: Using dialect: org.hibernate.dialect.H2Dialect
2020-02-07 23:32:03.618  INFO 13144 --- [    Test worker] o.h.e.t.j.p.i.JtaPlatformInitiator       : HHH000490: Using JtaPlatform implementation: [org.hibernate.engine.transaction.jta.platform.internal.NoJtaPlatform]
2020-02-07 23:32:03.629  INFO 13144 --- [    Test worker] j.LocalContainerEntityManagerFactoryBean : Initialized JPA EntityManagerFactory for persistence unit 'default'
2020-02-07 23:32:03.829  WARN 13144 --- [    Test worker] JpaBaseConfiguration$JpaWebConfiguration : spring.jpa.open-in-view is enabled by default. Therefore, database queries may be performed during view rendering. Explicitly configure spring.jpa.open-in-view to disable this warning
2020-02-07 23:32:06.304  INFO 13144 --- [    Test worker] o.s.b.a.e.web.EndpointLinksResolver      : Exposing 13 endpoint(s) beneath base path '/actuator'
2020-02-07 23:32:06.621  INFO 13144 --- [    Test worker] pertySourcedRequestMappingHandlerMapping : Mapped URL path [/v2/api-docs] onto method [springfox.documentation.swagger2.web.Swagger2Controller#getDocumentation(String, HttpServletRequest)]
2020-02-07 23:32:07.568  INFO 13144 --- [    Test worker] o.s.s.web.DefaultSecurityFilterChain     : Creating filter chain: any request, [org.springframework.security.web.context.request.async.WebAsyncManagerIntegrationFilter@17d7fb98, org.springframework.security.web.context.SecurityContextPersistenceFilter@7aa290f8, org.springframework.security.web.header.HeaderWriterFilter@71dc3e4d, org.springframework.security.web.authentication.logout.LogoutFilter@5144d646, org.springframework.security.web.authentication.UsernamePasswordAuthenticationFilter@16537496, org.springframework.security.web.authentication.ui.DefaultLoginPageGeneratingFilter@564913c4, org.springframework.security.web.authentication.ui.DefaultLogoutPageGeneratingFilter@6980775b, org.springframework.security.web.savedrequest.RequestCacheAwareFilter@6d768c29, org.springframework.security.web.servletapi.SecurityContextHolderAwareRequestFilter@7af500e5, org.springframework.security.web.authentication.rememberme.RememberMeAuthenticationFilter@4c7aeb3c, org.springframework.security.web.authentication.AnonymousAuthenticationFilter@b3c5b81, org.springframework.security.web.session.SessionManagementFilter@64303127, org.springframework.security.web.access.ExceptionTranslationFilter@3d8de2ec, org.springframework.security.web.access.intercept.FilterSecurityInterceptor@303e97f6]
2020-02-07 23:32:08.325  INFO 13144 --- [    Test worker] o.s.b.a.h2.H2ConsoleAutoConfiguration    : H2 console available at '/h2-console'. Database available at 'jdbc:h2:mem:chatTestDb'
2020-02-07 23:32:08.498  INFO 13144 --- [    Test worker] d.s.w.p.DocumentationPluginsBootstrapper : Context refreshed
2020-02-07 23:32:08.534  INFO 13144 --- [    Test worker] d.s.w.p.DocumentationPluginsBootstrapper : Found 1 custom documentation plugin(s)
2020-02-07 23:32:08.664  INFO 13144 --- [    Test worker] s.d.s.w.s.ApiListingReferenceScanner     : Scanning for api listing references
2020-02-07 23:32:09.126  INFO 13144 --- [    Test worker] .d.s.w.r.o.CachingOperationNameGenerator : Generating unique operation named: handleUsingGET_1
2020-02-07 23:32:09.133  INFO 13144 --- [    Test worker] .d.s.w.r.o.CachingOperationNameGenerator : Generating unique operation named: handleUsingGET_2
2020-02-07 23:32:09.136  INFO 13144 --- [    Test worker] .d.s.w.r.o.CachingOperationNameGenerator : Generating unique operation named: handleUsingDELETE_1
2020-02-07 23:32:09.140  INFO 13144 --- [    Test worker] .d.s.w.r.o.CachingOperationNameGenerator : Generating unique operation named: handleUsingGET_3
2020-02-07 23:32:09.143  INFO 13144 --- [    Test worker] .d.s.w.r.o.CachingOperationNameGenerator : Generating unique operation named: handleUsingGET_4
2020-02-07 23:32:09.147  INFO 13144 --- [    Test worker] .d.s.w.r.o.CachingOperationNameGenerator : Generating unique operation named: handleUsingGET_5
2020-02-07 23:32:09.151  INFO 13144 --- [    Test worker] .d.s.w.r.o.CachingOperationNameGenerator : Generating unique operation named: handleUsingGET_6
2020-02-07 23:32:09.155  INFO 13144 --- [    Test worker] .d.s.w.r.o.CachingOperationNameGenerator : Generating unique operation named: handleUsingGET_7
2020-02-07 23:32:09.158  INFO 13144 --- [    Test worker] .d.s.w.r.o.CachingOperationNameGenerator : Generating unique operation named: handleUsingGET_8
2020-02-07 23:32:09.162  INFO 13144 --- [    Test worker] .d.s.w.r.o.CachingOperationNameGenerator : Generating unique operation named: handleUsingGET_9
2020-02-07 23:32:09.166  INFO 13144 --- [    Test worker] .d.s.w.r.o.CachingOperationNameGenerator : Generating unique operation named: handleUsingGET_10
2020-02-07 23:32:09.173  INFO 13144 --- [    Test worker] .d.s.w.r.o.CachingOperationNameGenerator : Generating unique operation named: handleUsingGET_11
2020-02-07 23:32:09.177  INFO 13144 --- [    Test worker] .d.s.w.r.o.CachingOperationNameGenerator : Generating unique operation named: handleUsingGET_12
2020-02-07 23:32:09.181  INFO 13144 --- [    Test worker] .d.s.w.r.o.CachingOperationNameGenerator : Generating unique operation named: handleUsingGET_13
2020-02-07 23:32:09.184  INFO 13144 --- [    Test worker] .d.s.w.r.o.CachingOperationNameGenerator : Generating unique operation named: handleUsingGET_14
2020-02-07 23:32:09.188  INFO 13144 --- [    Test worker] .d.s.w.r.o.CachingOperationNameGenerator : Generating unique operation named: handleUsingGET_15
2020-02-07 23:32:09.192  INFO 13144 --- [    Test worker] .d.s.w.r.o.CachingOperationNameGenerator : Generating unique operation named: handleUsingGET_16
2020-02-07 23:32:09.197  INFO 13144 --- [    Test worker] .d.s.w.r.o.CachingOperationNameGenerator : Generating unique operation named: handleUsingGET_17
2020-02-07 23:32:09.242  INFO 13144 --- [    Test worker] com.chat.service.ChatDbTestSuite         : Started ChatDbTestSuite in 11.131 seconds (JVM running for 13.716)
2020-02-07 23:32:09.343  INFO 13144 --- [    Test worker] com.chat.service.ChatUserDbService       : Creating empty FriendsList and assigning it to Dagmara
2020-02-07 23:32:09.670  INFO 13144 --- [    Test worker] com.chat.service.ChatUserDbService       : User added to DB
2020-02-07 23:32:09.671  INFO 13144 --- [    Test worker] com.chat.service.RolesDBService          : role "ADMIN" has been assigned
2020-02-07 23:32:09.677  INFO 13144 --- [    Test worker] com.chat.service.ChatUserDbService       : Creating empty FriendsList and assigning it to Ania
2020-02-07 23:32:09.793  INFO 13144 --- [    Test worker] com.chat.service.ChatUserDbService       : User added to DB
2020-02-07 23:32:09.793  INFO 13144 --- [    Test worker] com.chat.service.RolesDBService          : role "USER" has been assigned
2020-02-07 23:32:09.844  INFO 13144 --- [    Test worker] com.chat.service.ChatUserDbService       : Creating empty FriendsList and assigning it to Dagmara
2020-02-07 23:32:09.952  INFO 13144 --- [    Test worker] com.chat.service.ChatUserDbService       : User added to DB
2020-02-07 23:32:09.953  INFO 13144 --- [    Test worker] com.chat.service.RolesDBService          : role "USER" has been assigned
2020-02-07 23:32:10.188  INFO 13144 --- [    Test worker] com.chat.service.ChatUserDbService       : User deleted.
2020-02-07 23:32:10.195  INFO 13144 --- [    Test worker] com.chat.service.ChatUserDbService       : User's friends list deleted.
2020-02-07 23:32:10.202  INFO 13144 --- [    Test worker] com.chat.service.ChatUserDbService       : Creating empty FriendsList and assigning it to Dagmara
2020-02-07 23:32:10.321  INFO 13144 --- [    Test worker] com.chat.service.ChatUserDbService       : User added to DB
2020-02-07 23:32:10.322  INFO 13144 --- [    Test worker] com.chat.service.RolesDBService          : role "USER" has been assigned
2020-02-07 23:32:10.324  INFO 13144 --- [    Test worker] com.chat.service.ChatUserDbService       : Creating empty FriendsList and assigning it to Ania
2020-02-07 23:32:10.439  INFO 13144 --- [    Test worker] com.chat.service.ChatUserDbService       : User added to DB
2020-02-07 23:32:10.440  INFO 13144 --- [    Test worker] com.chat.service.RolesDBService          : role "USER" has been assigned
2020-02-07 23:32:10.446  INFO 13144 --- [    Test worker] com.chat.service.ChatUserDbService       : Creating empty FriendsList and assigning it to Dagmara
2020-02-07 23:32:10.559  INFO 13144 --- [    Test worker] com.chat.service.ChatUserDbService       : User added to DB
2020-02-07 23:32:10.559  INFO 13144 --- [    Test worker] com.chat.service.RolesDBService          : role "USER" has been assigned
2020-02-07 23:32:10.561  INFO 13144 --- [    Test worker] com.chat.service.ChatUserDbService       : Creating empty FriendsList and assigning it to Ania
2020-02-07 23:32:10.671  INFO 13144 --- [    Test worker] com.chat.service.ChatUserDbService       : User added to DB
2020-02-07 23:32:10.671  INFO 13144 --- [    Test worker] com.chat.service.RolesDBService          : role "USER" has been assigned
]]></system-out>
  <system-err><![CDATA[]]></system-err>
</testsuite>
