<?xml version="1.0" encoding="UTF-8"?>
<testsuite name="com.chat.client.weather.WeatherClientTest" tests="2" skipped="0" failures="0" errors="0" timestamp="2020-02-09T21:40:48" hostname="DESKTOP-9PLCVK5" time="0.027">
  <properties/>
  <testcase name="shoudFetchAccuWeather" classname="com.chat.client.weather.WeatherClientTest" time="0.023"/>
  <testcase name="shouldFetchAccuWeatherLocalization" classname="com.chat.client.weather.WeatherClientTest" time="0.003"/>
  <system-out><![CDATA[]]></system-out>
  <system-err><![CDATA[]]></system-err>
</testsuite>
