<?xml version="1.0" encoding="UTF-8"?>
<testsuite name="com.chat.service.FriendsListDbTestSuite" tests="4" skipped="0" failures="0" errors="0" timestamp="2020-02-09T21:41:00" hostname="DESKTOP-9PLCVK5" time="0.06">
  <properties/>
  <testcase name="testDeleteFriendsListById" classname="com.chat.service.FriendsListDbTestSuite" time="0.01"/>
  <testcase name="testSaveFriendsList" classname="com.chat.service.FriendsListDbTestSuite" time="0.005"/>
  <testcase name="testGetFriendsListById" classname="com.chat.service.FriendsListDbTestSuite" time="0.009"/>
  <testcase name="testAddFriendToFriendsList" classname="com.chat.service.FriendsListDbTestSuite" time="0.033"/>
  <system-out><![CDATA[2020-02-09 22:41:00.704  INFO 9940 --- [    Test worker] .b.t.c.SpringBootTestContextBootstrapper : Neither @ContextConfiguration nor @ContextHierarchy found for test class [com.chat.service.FriendsListDbTestSuite], using SpringBootContextLoader
2020-02-09 22:41:00.705  INFO 9940 --- [    Test worker] o.s.t.c.support.AbstractContextLoader    : Could not detect default resource locations for test class [com.chat.service.FriendsListDbTestSuite]: no resource found for suffixes {-context.xml, Context.groovy}.
2020-02-09 22:41:00.705  INFO 9940 --- [    Test worker] t.c.s.AnnotationConfigContextLoaderUtils : Could not detect default configuration classes for test class [com.chat.service.FriendsListDbTestSuite]: FriendsListDbTestSuite does not declare any static, non-private, non-final, nested classes annotated with @Configuration.
2020-02-09 22:41:00.708  INFO 9940 --- [    Test worker] .b.t.c.SpringBootTestContextBootstrapper : Found @SpringBootConfiguration com.chat.ChatApplication for test class com.chat.service.FriendsListDbTestSuite
2020-02-09 22:41:00.710  INFO 9940 --- [    Test worker] .b.t.c.SpringBootTestContextBootstrapper : Loaded default TestExecutionListener class names from location [META-INF/spring.factories]: [org.springframework.boot.test.autoconfigure.restdocs.RestDocsTestExecutionListener, org.springframework.boot.test.autoconfigure.web.client.MockRestServiceServerResetTestExecutionListener, org.springframework.boot.test.autoconfigure.web.servlet.MockMvcPrintOnlyOnFailureTestExecutionListener, org.springframework.boot.test.autoconfigure.web.servlet.WebDriverTestExecutionListener, org.springframework.boot.test.mock.mockito.MockitoTestExecutionListener, org.springframework.boot.test.mock.mockito.ResetMocksTestExecutionListener, org.springframework.test.context.web.ServletTestExecutionListener, org.springframework.test.context.support.DirtiesContextBeforeModesTestExecutionListener, org.springframework.test.context.support.DependencyInjectionTestExecutionListener, org.springframework.test.context.support.DirtiesContextTestExecutionListener, org.springframework.test.context.transaction.TransactionalTestExecutionListener, org.springframework.test.context.jdbc.SqlScriptsTestExecutionListener, org.springframework.test.context.event.EventPublishingTestExecutionListener]
2020-02-09 22:41:00.711  INFO 9940 --- [    Test worker] .b.t.c.SpringBootTestContextBootstrapper : Using TestExecutionListeners: [org.springframework.test.context.web.ServletTestExecutionListener@4dae03d5, org.springframework.test.context.support.DirtiesContextBeforeModesTestExecutionListener@7eb150f9, org.springframework.boot.test.mock.mockito.MockitoTestExecutionListener@6fecf14c, org.springframework.boot.test.autoconfigure.SpringBootDependencyInjectionTestExecutionListener@41bca66d, org.springframework.test.context.support.DirtiesContextTestExecutionListener@7c31b524, org.springframework.test.context.transaction.TransactionalTestExecutionListener@87314c3, org.springframework.test.context.jdbc.SqlScriptsTestExecutionListener@9de210, org.springframework.test.context.event.EventPublishingTestExecutionListener@24b6b3a0, org.springframework.boot.test.autoconfigure.restdocs.RestDocsTestExecutionListener@55dfba87, org.springframework.boot.test.autoconfigure.web.client.MockRestServiceServerResetTestExecutionListener@459a79f3, org.springframework.boot.test.autoconfigure.web.servlet.MockMvcPrintOnlyOnFailureTestExecutionListener@2a789e32, org.springframework.boot.test.autoconfigure.web.servlet.WebDriverTestExecutionListener@3bc2036e, org.springframework.boot.test.mock.mockito.ResetMocksTestExecutionListener@13e19d13]
2020-02-09 22:41:00.743  INFO 9940 --- [    Test worker] com.chat.service.ChatUserDbService       : Creating empty FriendsList and assigning it to Dagmara
2020-02-09 22:41:00.747  INFO 9940 --- [    Test worker] com.chat.service.ChatUserDbService       : User added to DB
2020-02-09 22:41:00.747  INFO 9940 --- [    Test worker] com.chat.service.RolesDBService          : role "USER" has been assigned
2020-02-09 22:41:00.749  INFO 9940 --- [    Test worker] com.chat.service.ChatUserDbService       : Creating empty FriendsList and assigning it to Ania
2020-02-09 22:41:00.753  INFO 9940 --- [    Test worker] com.chat.service.ChatUserDbService       : User added to DB
2020-02-09 22:41:00.753  INFO 9940 --- [    Test worker] com.chat.service.RolesDBService          : role "USER" has been assigned
2020-02-09 22:41:00.771  INFO 9940 --- [    Test worker] com.chat.service.FriendsListDbService    : Friend added to Dagmara's friends list
]]></system-out>
  <system-err><![CDATA[]]></system-err>
</testsuite>
