<?xml version="1.0" encoding="UTF-8"?>
<testsuite name="com.chat.client.namesDay.NameDayClientTest" tests="2" skipped="0" failures="0" errors="0" timestamp="2020-03-03T20:35:24" hostname="DESKTOP-9PLCVK5" time="0.8">
  <properties/>
  <testcase name="shouldFetchTomorrowNames" classname="com.chat.client.namesDay.NameDayClientTest" time="0.798"/>
  <testcase name="shouldFetchTodayNames" classname="com.chat.client.namesDay.NameDayClientTest" time="0.001"/>
  <system-out><![CDATA[]]></system-out>
  <system-err><![CDATA[]]></system-err>
</testsuite>
