<?xml version="1.0" encoding="UTF-8"?>
<testsuite name="com.chat.service.MessageDbTestSuite" tests="3" skipped="0" failures="0" errors="0" timestamp="2020-02-09T21:41:00" hostname="DESKTOP-9PLCVK5" time="0.104">
  <properties/>
  <testcase name="testSaveMessageToDb" classname="com.chat.service.MessageDbTestSuite" time="0.035"/>
  <testcase name="testDeleteMessageFromDb" classname="com.chat.service.MessageDbTestSuite" time="0.038"/>
  <testcase name="testFindByIdMessageFromDb" classname="com.chat.service.MessageDbTestSuite" time="0.029"/>
  <system-out><![CDATA[2020-02-09 22:41:00.776  INFO 9940 --- [    Test worker] .b.t.c.SpringBootTestContextBootstrapper : Neither @ContextConfiguration nor @ContextHierarchy found for test class [com.chat.service.MessageDbTestSuite], using SpringBootContextLoader
2020-02-09 22:41:00.778  INFO 9940 --- [    Test worker] o.s.t.c.support.AbstractContextLoader    : Could not detect default resource locations for test class [com.chat.service.MessageDbTestSuite]: no resource found for suffixes {-context.xml, Context.groovy}.
2020-02-09 22:41:00.778  INFO 9940 --- [    Test worker] t.c.s.AnnotationConfigContextLoaderUtils : Could not detect default configuration classes for test class [com.chat.service.MessageDbTestSuite]: MessageDbTestSuite does not declare any static, non-private, non-final, nested classes annotated with @Configuration.
2020-02-09 22:41:00.780  INFO 9940 --- [    Test worker] .b.t.c.SpringBootTestContextBootstrapper : Found @SpringBootConfiguration com.chat.ChatApplication for test class com.chat.service.MessageDbTestSuite
2020-02-09 22:41:00.782  INFO 9940 --- [    Test worker] .b.t.c.SpringBootTestContextBootstrapper : Loaded default TestExecutionListener class names from location [META-INF/spring.factories]: [org.springframework.boot.test.autoconfigure.restdocs.RestDocsTestExecutionListener, org.springframework.boot.test.autoconfigure.web.client.MockRestServiceServerResetTestExecutionListener, org.springframework.boot.test.autoconfigure.web.servlet.MockMvcPrintOnlyOnFailureTestExecutionListener, org.springframework.boot.test.autoconfigure.web.servlet.WebDriverTestExecutionListener, org.springframework.boot.test.mock.mockito.MockitoTestExecutionListener, org.springframework.boot.test.mock.mockito.ResetMocksTestExecutionListener, org.springframework.test.context.web.ServletTestExecutionListener, org.springframework.test.context.support.DirtiesContextBeforeModesTestExecutionListener, org.springframework.test.context.support.DependencyInjectionTestExecutionListener, org.springframework.test.context.support.DirtiesContextTestExecutionListener, org.springframework.test.context.transaction.TransactionalTestExecutionListener, org.springframework.test.context.jdbc.SqlScriptsTestExecutionListener, org.springframework.test.context.event.EventPublishingTestExecutionListener]
2020-02-09 22:41:00.783  INFO 9940 --- [    Test worker] .b.t.c.SpringBootTestContextBootstrapper : Using TestExecutionListeners: [org.springframework.test.context.web.ServletTestExecutionListener@7f3dcd6, org.springframework.test.context.support.DirtiesContextBeforeModesTestExecutionListener@5af51f07, org.springframework.boot.test.mock.mockito.MockitoTestExecutionListener@49a7c43, org.springframework.boot.test.autoconfigure.SpringBootDependencyInjectionTestExecutionListener@501b1d95, org.springframework.test.context.support.DirtiesContextTestExecutionListener@49176e2c, org.springframework.test.context.transaction.TransactionalTestExecutionListener@3be84d2e, org.springframework.test.context.jdbc.SqlScriptsTestExecutionListener@6cc74674, org.springframework.test.context.event.EventPublishingTestExecutionListener@64b819cc, org.springframework.boot.test.autoconfigure.restdocs.RestDocsTestExecutionListener@162c7d79, org.springframework.boot.test.autoconfigure.web.client.MockRestServiceServerResetTestExecutionListener@6f54d3af, org.springframework.boot.test.autoconfigure.web.servlet.MockMvcPrintOnlyOnFailureTestExecutionListener@3976ccd7, org.springframework.boot.test.autoconfigure.web.servlet.WebDriverTestExecutionListener@1da4d44c, org.springframework.boot.test.mock.mockito.ResetMocksTestExecutionListener@6896a534]
2020-02-09 22:41:00.790  INFO 9940 --- [    Test worker] com.chat.service.ChatUserDbService       : Creating empty FriendsList and assigning it to Dagmara
2020-02-09 22:41:00.796  INFO 9940 --- [    Test worker] com.chat.service.ChatUserDbService       : User added to DB
2020-02-09 22:41:00.796  INFO 9940 --- [    Test worker] com.chat.service.RolesDBService          : role "USER" has been assigned
2020-02-09 22:41:00.798  INFO 9940 --- [    Test worker] com.chat.service.ChatUserDbService       : Creating empty FriendsList and assigning it to Ania
2020-02-09 22:41:00.803  INFO 9940 --- [    Test worker] com.chat.service.ChatUserDbService       : User added to DB
2020-02-09 22:41:00.803  INFO 9940 --- [    Test worker] com.chat.service.RolesDBService          : role "USER" has been assigned
2020-02-09 22:41:00.808  INFO 9940 --- [    Test worker] com.chat.service.ConvDbService           : Starting new conversation
2020-02-09 22:41:00.811  INFO 9940 --- [    Test worker] com.chat.service.ConvDbService           : Conversation found
2020-02-09 22:41:00.825  INFO 9940 --- [    Test worker] com.chat.service.ChatUserDbService       : Creating empty FriendsList and assigning it to Dagmara
2020-02-09 22:41:00.830  INFO 9940 --- [    Test worker] com.chat.service.ChatUserDbService       : User added to DB
2020-02-09 22:41:00.830  INFO 9940 --- [    Test worker] com.chat.service.RolesDBService          : role "USER" has been assigned
2020-02-09 22:41:00.832  INFO 9940 --- [    Test worker] com.chat.service.ChatUserDbService       : Creating empty FriendsList and assigning it to Ania
2020-02-09 22:41:00.836  INFO 9940 --- [    Test worker] com.chat.service.ChatUserDbService       : User added to DB
2020-02-09 22:41:00.836  INFO 9940 --- [    Test worker] com.chat.service.RolesDBService          : role "USER" has been assigned
2020-02-09 22:41:00.839  INFO 9940 --- [    Test worker] com.chat.service.ConvDbService           : Starting new conversation
2020-02-09 22:41:00.842  INFO 9940 --- [    Test worker] com.chat.service.ConvDbService           : Conversation found
2020-02-09 22:41:00.865  INFO 9940 --- [    Test worker] com.chat.service.ChatUserDbService       : Creating empty FriendsList and assigning it to Dagmara
2020-02-09 22:41:00.869  INFO 9940 --- [    Test worker] com.chat.service.ChatUserDbService       : User added to DB
2020-02-09 22:41:00.870  INFO 9940 --- [    Test worker] com.chat.service.RolesDBService          : role "USER" has been assigned
2020-02-09 22:41:00.872  INFO 9940 --- [    Test worker] com.chat.service.ChatUserDbService       : Creating empty FriendsList and assigning it to Ania
2020-02-09 22:41:00.876  INFO 9940 --- [    Test worker] com.chat.service.ChatUserDbService       : User added to DB
2020-02-09 22:41:00.877  INFO 9940 --- [    Test worker] com.chat.service.RolesDBService          : role "USER" has been assigned
2020-02-09 22:41:00.880  INFO 9940 --- [    Test worker] com.chat.service.ConvDbService           : Starting new conversation
2020-02-09 22:41:00.884  INFO 9940 --- [    Test worker] com.chat.service.ConvDbService           : Conversation found
]]></system-out>
  <system-err><![CDATA[]]></system-err>
</testsuite>
