<?xml version="1.0" encoding="UTF-8"?>
<testsuite name="com.chat.service.ConversationDBTestSuite" tests="5" skipped="0" failures="0" errors="0" timestamp="2020-02-07T22:32:10" hostname="DESKTOP-9PLCVK5" time="0.491">
  <properties/>
  <testcase name="testGetConversation" classname="com.chat.service.ConversationDBTestSuite" time="0.256"/>
  <testcase name="testSave" classname="com.chat.service.ConversationDBTestSuite" time="0.005"/>
  <testcase name="testStartConversation" classname="com.chat.service.ConversationDBTestSuite" time="0.208"/>
  <testcase name="testDeleteByIdFromConvDB" classname="com.chat.service.ConversationDBTestSuite" time="0.012"/>
  <testcase name="testFindById" classname="com.chat.service.ConversationDBTestSuite" time="0.006"/>
  <system-out><![CDATA[2020-02-07 23:32:10.694  INFO 13144 --- [    Test worker] .b.t.c.SpringBootTestContextBootstrapper : Neither @ContextConfiguration nor @ContextHierarchy found for test class [com.chat.service.ConversationDBTestSuite], using SpringBootContextLoader
2020-02-07 23:32:10.695  INFO 13144 --- [    Test worker] o.s.t.c.support.AbstractContextLoader    : Could not detect default resource locations for test class [com.chat.service.ConversationDBTestSuite]: no resource found for suffixes {-context.xml, Context.groovy}.
2020-02-07 23:32:10.695  INFO 13144 --- [    Test worker] t.c.s.AnnotationConfigContextLoaderUtils : Could not detect default configuration classes for test class [com.chat.service.ConversationDBTestSuite]: ConversationDBTestSuite does not declare any static, non-private, non-final, nested classes annotated with @Configuration.
2020-02-07 23:32:10.697  INFO 13144 --- [    Test worker] .b.t.c.SpringBootTestContextBootstrapper : Found @SpringBootConfiguration com.chat.ChatApplication for test class com.chat.service.ConversationDBTestSuite
2020-02-07 23:32:10.699  INFO 13144 --- [    Test worker] .b.t.c.SpringBootTestContextBootstrapper : Loaded default TestExecutionListener class names from location [META-INF/spring.factories]: [org.springframework.security.test.context.support.WithSecurityContextTestExecutionListener, org.springframework.security.test.context.support.ReactorContextTestExecutionListener, org.springframework.boot.test.autoconfigure.restdocs.RestDocsTestExecutionListener, org.springframework.boot.test.autoconfigure.web.client.MockRestServiceServerResetTestExecutionListener, org.springframework.boot.test.autoconfigure.web.servlet.MockMvcPrintOnlyOnFailureTestExecutionListener, org.springframework.boot.test.autoconfigure.web.servlet.WebDriverTestExecutionListener, org.springframework.boot.test.mock.mockito.MockitoTestExecutionListener, org.springframework.boot.test.mock.mockito.ResetMocksTestExecutionListener, org.springframework.test.context.web.ServletTestExecutionListener, org.springframework.test.context.support.DirtiesContextBeforeModesTestExecutionListener, org.springframework.test.context.support.DependencyInjectionTestExecutionListener, org.springframework.test.context.support.DirtiesContextTestExecutionListener, org.springframework.test.context.transaction.TransactionalTestExecutionListener, org.springframework.test.context.jdbc.SqlScriptsTestExecutionListener, org.springframework.test.context.event.EventPublishingTestExecutionListener]
2020-02-07 23:32:10.701  INFO 13144 --- [    Test worker] .b.t.c.SpringBootTestContextBootstrapper : Using TestExecutionListeners: [org.springframework.test.context.web.ServletTestExecutionListener@6548ecca, org.springframework.test.context.support.DirtiesContextBeforeModesTestExecutionListener@5f207800, org.springframework.boot.test.mock.mockito.MockitoTestExecutionListener@34f4ed16, org.springframework.boot.test.autoconfigure.SpringBootDependencyInjectionTestExecutionListener@52cf1d7, org.springframework.test.context.support.DirtiesContextTestExecutionListener@27207304, org.springframework.test.context.transaction.TransactionalTestExecutionListener@7b9cff98, org.springframework.test.context.jdbc.SqlScriptsTestExecutionListener@681321a0, org.springframework.security.test.context.support.WithSecurityContextTestExecutionListener@a53d73c, org.springframework.test.context.event.EventPublishingTestExecutionListener@2e4f3d21, org.springframework.security.test.context.support.ReactorContextTestExecutionListener@3233774f, org.springframework.boot.test.autoconfigure.restdocs.RestDocsTestExecutionListener@435c5e88, org.springframework.boot.test.autoconfigure.web.client.MockRestServiceServerResetTestExecutionListener@57229be8, org.springframework.boot.test.autoconfigure.web.servlet.MockMvcPrintOnlyOnFailureTestExecutionListener@530218, org.springframework.boot.test.autoconfigure.web.servlet.WebDriverTestExecutionListener@29f39452, org.springframework.boot.test.mock.mockito.ResetMocksTestExecutionListener@87a37fa]
2020-02-07 23:32:10.708  INFO 13144 --- [    Test worker] com.chat.service.ChatUserDbService       : Creating empty FriendsList and assigning it to Dagmara
2020-02-07 23:32:10.808  INFO 13144 --- [    Test worker] com.chat.service.ChatUserDbService       : User added to DB
2020-02-07 23:32:10.808  INFO 13144 --- [    Test worker] com.chat.service.RolesDBService          : role "USER" has been assigned
2020-02-07 23:32:10.810  INFO 13144 --- [    Test worker] com.chat.service.ChatUserDbService       : Creating empty FriendsList and assigning it to Ania
2020-02-07 23:32:10.918  INFO 13144 --- [    Test worker] com.chat.service.ChatUserDbService       : User added to DB
2020-02-07 23:32:10.918  INFO 13144 --- [    Test worker] com.chat.service.RolesDBService          : role "USER" has been assigned
2020-02-07 23:32:10.958  INFO 13144 --- [    Test worker] com.chat.service.ConvDbService           : Conversation found
2020-02-07 23:32:10.971  INFO 13144 --- [    Test worker] com.chat.service.ChatUserDbService       : Creating empty FriendsList and assigning it to Dagmara
2020-02-07 23:32:11.073  INFO 13144 --- [    Test worker] com.chat.service.ChatUserDbService       : User added to DB
2020-02-07 23:32:11.073  INFO 13144 --- [    Test worker] com.chat.service.RolesDBService          : role "USER" has been assigned
2020-02-07 23:32:11.075  INFO 13144 --- [    Test worker] com.chat.service.ChatUserDbService       : Creating empty FriendsList and assigning it to Ania
2020-02-07 23:32:11.172  INFO 13144 --- [    Test worker] com.chat.service.ChatUserDbService       : User added to DB
2020-02-07 23:32:11.172  INFO 13144 --- [    Test worker] com.chat.service.RolesDBService          : role "USER" has been assigned
2020-02-07 23:32:11.173  INFO 13144 --- [    Test worker] com.chat.service.ConvDbService           : Starting new conversation
]]></system-out>
  <system-err><![CDATA[]]></system-err>
</testsuite>
