<?xml version="1.0" encoding="UTF-8"?>
<testsuite name="com.chat.service.ConversationDBTestSuite" tests="5" skipped="0" failures="0" errors="0" timestamp="2020-02-09T21:41:00" hostname="DESKTOP-9PLCVK5" time="0.135">
  <properties/>
  <testcase name="testGetConversation" classname="com.chat.service.ConversationDBTestSuite" time="0.074"/>
  <testcase name="testSave" classname="com.chat.service.ConversationDBTestSuite" time="0.007"/>
  <testcase name="testStartConversation" classname="com.chat.service.ConversationDBTestSuite" time="0.021"/>
  <testcase name="testDeleteByIdFromConvDB" classname="com.chat.service.ConversationDBTestSuite" time="0.02"/>
  <testcase name="testFindById" classname="com.chat.service.ConversationDBTestSuite" time="0.01"/>
  <system-out><![CDATA[2020-02-09 22:41:00.553  INFO 9940 --- [    Test worker] .b.t.c.SpringBootTestContextBootstrapper : Neither @ContextConfiguration nor @ContextHierarchy found for test class [com.chat.service.ConversationDBTestSuite], using SpringBootContextLoader
2020-02-09 22:41:00.554  INFO 9940 --- [    Test worker] o.s.t.c.support.AbstractContextLoader    : Could not detect default resource locations for test class [com.chat.service.ConversationDBTestSuite]: no resource found for suffixes {-context.xml, Context.groovy}.
2020-02-09 22:41:00.554  INFO 9940 --- [    Test worker] t.c.s.AnnotationConfigContextLoaderUtils : Could not detect default configuration classes for test class [com.chat.service.ConversationDBTestSuite]: ConversationDBTestSuite does not declare any static, non-private, non-final, nested classes annotated with @Configuration.
2020-02-09 22:41:00.557  INFO 9940 --- [    Test worker] .b.t.c.SpringBootTestContextBootstrapper : Found @SpringBootConfiguration com.chat.ChatApplication for test class com.chat.service.ConversationDBTestSuite
2020-02-09 22:41:00.561  INFO 9940 --- [    Test worker] .b.t.c.SpringBootTestContextBootstrapper : Loaded default TestExecutionListener class names from location [META-INF/spring.factories]: [org.springframework.boot.test.autoconfigure.restdocs.RestDocsTestExecutionListener, org.springframework.boot.test.autoconfigure.web.client.MockRestServiceServerResetTestExecutionListener, org.springframework.boot.test.autoconfigure.web.servlet.MockMvcPrintOnlyOnFailureTestExecutionListener, org.springframework.boot.test.autoconfigure.web.servlet.WebDriverTestExecutionListener, org.springframework.boot.test.mock.mockito.MockitoTestExecutionListener, org.springframework.boot.test.mock.mockito.ResetMocksTestExecutionListener, org.springframework.test.context.web.ServletTestExecutionListener, org.springframework.test.context.support.DirtiesContextBeforeModesTestExecutionListener, org.springframework.test.context.support.DependencyInjectionTestExecutionListener, org.springframework.test.context.support.DirtiesContextTestExecutionListener, org.springframework.test.context.transaction.TransactionalTestExecutionListener, org.springframework.test.context.jdbc.SqlScriptsTestExecutionListener, org.springframework.test.context.event.EventPublishingTestExecutionListener]
2020-02-09 22:41:00.562  INFO 9940 --- [    Test worker] .b.t.c.SpringBootTestContextBootstrapper : Using TestExecutionListeners: [org.springframework.test.context.web.ServletTestExecutionListener@5d40f68c, org.springframework.test.context.support.DirtiesContextBeforeModesTestExecutionListener@611e008b, org.springframework.boot.test.mock.mockito.MockitoTestExecutionListener@43b312a9, org.springframework.boot.test.autoconfigure.SpringBootDependencyInjectionTestExecutionListener@72318e19, org.springframework.test.context.support.DirtiesContextTestExecutionListener@289ff245, org.springframework.test.context.transaction.TransactionalTestExecutionListener@3994a585, org.springframework.test.context.jdbc.SqlScriptsTestExecutionListener@6269ce44, org.springframework.test.context.event.EventPublishingTestExecutionListener@1c56c556, org.springframework.boot.test.autoconfigure.restdocs.RestDocsTestExecutionListener@4b0c1143, org.springframework.boot.test.autoconfigure.web.client.MockRestServiceServerResetTestExecutionListener@57a82d2a, org.springframework.boot.test.autoconfigure.web.servlet.MockMvcPrintOnlyOnFailureTestExecutionListener@7b9fd275, org.springframework.boot.test.autoconfigure.web.servlet.WebDriverTestExecutionListener@5149d425, org.springframework.boot.test.mock.mockito.ResetMocksTestExecutionListener@7ae44146]
2020-02-09 22:41:00.569  INFO 9940 --- [    Test worker] com.chat.service.ChatUserDbService       : Creating empty FriendsList and assigning it to Dagmara
2020-02-09 22:41:00.573  INFO 9940 --- [    Test worker] com.chat.service.ChatUserDbService       : User added to DB
2020-02-09 22:41:00.573  INFO 9940 --- [    Test worker] com.chat.service.RolesDBService          : role "USER" has been assigned
2020-02-09 22:41:00.576  INFO 9940 --- [    Test worker] com.chat.service.ChatUserDbService       : Creating empty FriendsList and assigning it to Ania
2020-02-09 22:41:00.580  INFO 9940 --- [    Test worker] com.chat.service.ChatUserDbService       : User added to DB
2020-02-09 22:41:00.581  INFO 9940 --- [    Test worker] com.chat.service.RolesDBService          : role "USER" has been assigned
2020-02-09 22:41:00.636  INFO 9940 --- [    Test worker] com.chat.service.ConvDbService           : Conversation found
2020-02-09 22:41:00.652  INFO 9940 --- [    Test worker] com.chat.service.ChatUserDbService       : Creating empty FriendsList and assigning it to Dagmara
2020-02-09 22:41:00.656  INFO 9940 --- [    Test worker] com.chat.service.ChatUserDbService       : User added to DB
2020-02-09 22:41:00.657  INFO 9940 --- [    Test worker] com.chat.service.RolesDBService          : role "USER" has been assigned
2020-02-09 22:41:00.659  INFO 9940 --- [    Test worker] com.chat.service.ChatUserDbService       : Creating empty FriendsList and assigning it to Ania
2020-02-09 22:41:00.664  INFO 9940 --- [    Test worker] com.chat.service.ChatUserDbService       : User added to DB
2020-02-09 22:41:00.664  INFO 9940 --- [    Test worker] com.chat.service.RolesDBService          : role "USER" has been assigned
2020-02-09 22:41:00.666  INFO 9940 --- [    Test worker] com.chat.service.ConvDbService           : Starting new conversation
]]></system-out>
  <system-err><![CDATA[]]></system-err>
</testsuite>
