<?xml version="1.0" encoding="UTF-8"?>
<testsuite name="com.chat.service.FriendsListDbTestSuite" tests="4" skipped="0" failures="0" errors="0" timestamp="2020-02-07T22:32:11" hostname="DESKTOP-9PLCVK5" time="0.235">
  <properties/>
  <testcase name="testDeleteFriendsListById" classname="com.chat.service.FriendsListDbTestSuite" time="0.008"/>
  <testcase name="testSaveFriendsList" classname="com.chat.service.FriendsListDbTestSuite" time="0.005"/>
  <testcase name="testGetFriendsListById" classname="com.chat.service.FriendsListDbTestSuite" time="0.008"/>
  <testcase name="testAddFriendToFriendsList" classname="com.chat.service.FriendsListDbTestSuite" time="0.211"/>
  <system-out><![CDATA[2020-02-07 23:32:11.198  INFO 13144 --- [    Test worker] .b.t.c.SpringBootTestContextBootstrapper : Neither @ContextConfiguration nor @ContextHierarchy found for test class [com.chat.service.FriendsListDbTestSuite], using SpringBootContextLoader
2020-02-07 23:32:11.199  INFO 13144 --- [    Test worker] o.s.t.c.support.AbstractContextLoader    : Could not detect default resource locations for test class [com.chat.service.FriendsListDbTestSuite]: no resource found for suffixes {-context.xml, Context.groovy}.
2020-02-07 23:32:11.199  INFO 13144 --- [    Test worker] t.c.s.AnnotationConfigContextLoaderUtils : Could not detect default configuration classes for test class [com.chat.service.FriendsListDbTestSuite]: FriendsListDbTestSuite does not declare any static, non-private, non-final, nested classes annotated with @Configuration.
2020-02-07 23:32:11.200  INFO 13144 --- [    Test worker] .b.t.c.SpringBootTestContextBootstrapper : Found @SpringBootConfiguration com.chat.ChatApplication for test class com.chat.service.FriendsListDbTestSuite
2020-02-07 23:32:11.202  INFO 13144 --- [    Test worker] .b.t.c.SpringBootTestContextBootstrapper : Loaded default TestExecutionListener class names from location [META-INF/spring.factories]: [org.springframework.security.test.context.support.WithSecurityContextTestExecutionListener, org.springframework.security.test.context.support.ReactorContextTestExecutionListener, org.springframework.boot.test.autoconfigure.restdocs.RestDocsTestExecutionListener, org.springframework.boot.test.autoconfigure.web.client.MockRestServiceServerResetTestExecutionListener, org.springframework.boot.test.autoconfigure.web.servlet.MockMvcPrintOnlyOnFailureTestExecutionListener, org.springframework.boot.test.autoconfigure.web.servlet.WebDriverTestExecutionListener, org.springframework.boot.test.mock.mockito.MockitoTestExecutionListener, org.springframework.boot.test.mock.mockito.ResetMocksTestExecutionListener, org.springframework.test.context.web.ServletTestExecutionListener, org.springframework.test.context.support.DirtiesContextBeforeModesTestExecutionListener, org.springframework.test.context.support.DependencyInjectionTestExecutionListener, org.springframework.test.context.support.DirtiesContextTestExecutionListener, org.springframework.test.context.transaction.TransactionalTestExecutionListener, org.springframework.test.context.jdbc.SqlScriptsTestExecutionListener, org.springframework.test.context.event.EventPublishingTestExecutionListener]
2020-02-07 23:32:11.203  INFO 13144 --- [    Test worker] .b.t.c.SpringBootTestContextBootstrapper : Using TestExecutionListeners: [org.springframework.test.context.web.ServletTestExecutionListener@53d49bf9, org.springframework.test.context.support.DirtiesContextBeforeModesTestExecutionListener@474f81ff, org.springframework.boot.test.mock.mockito.MockitoTestExecutionListener@16339555, org.springframework.boot.test.autoconfigure.SpringBootDependencyInjectionTestExecutionListener@42ff9f9a, org.springframework.test.context.support.DirtiesContextTestExecutionListener@3503cf6f, org.springframework.test.context.transaction.TransactionalTestExecutionListener@ef8e049, org.springframework.test.context.jdbc.SqlScriptsTestExecutionListener@46b45fe, org.springframework.security.test.context.support.WithSecurityContextTestExecutionListener@3ad609a6, org.springframework.test.context.event.EventPublishingTestExecutionListener@1105d124, org.springframework.security.test.context.support.ReactorContextTestExecutionListener@583681e5, org.springframework.boot.test.autoconfigure.restdocs.RestDocsTestExecutionListener@62c6ba8, org.springframework.boot.test.autoconfigure.web.client.MockRestServiceServerResetTestExecutionListener@cbdd9f2, org.springframework.boot.test.autoconfigure.web.servlet.MockMvcPrintOnlyOnFailureTestExecutionListener@330eb5b0, org.springframework.boot.test.autoconfigure.web.servlet.WebDriverTestExecutionListener@5f5b339d, org.springframework.boot.test.mock.mockito.ResetMocksTestExecutionListener@3acf72f5]
2020-02-07 23:32:11.233  INFO 13144 --- [    Test worker] com.chat.service.ChatUserDbService       : Creating empty FriendsList and assigning it to Dagmara
2020-02-07 23:32:11.331  INFO 13144 --- [    Test worker] com.chat.service.ChatUserDbService       : User added to DB
2020-02-07 23:32:11.331  INFO 13144 --- [    Test worker] com.chat.service.RolesDBService          : role "USER" has been assigned
2020-02-07 23:32:11.332  INFO 13144 --- [    Test worker] com.chat.service.ChatUserDbService       : Creating empty FriendsList and assigning it to Ania
2020-02-07 23:32:11.427  INFO 13144 --- [    Test worker] com.chat.service.ChatUserDbService       : User added to DB
2020-02-07 23:32:11.427  INFO 13144 --- [    Test worker] com.chat.service.RolesDBService          : role "USER" has been assigned
2020-02-07 23:32:11.440  INFO 13144 --- [    Test worker] com.chat.service.FriendsListDbService    : Friend added to Dagmara's friends list
]]></system-out>
  <system-err><![CDATA[]]></system-err>
</testsuite>
