<?xml version="1.0" encoding="UTF-8"?>
<testsuite name="com.chat.service.MessageDbTestSuite" tests="3" skipped="0" failures="0" errors="0" timestamp="2020-02-07T22:32:11" hostname="DESKTOP-9PLCVK5" time="0.638">
  <properties/>
  <testcase name="testSaveMessageToDb" classname="com.chat.service.MessageDbTestSuite" time="0.212"/>
  <testcase name="testDeleteMessageFromDb" classname="com.chat.service.MessageDbTestSuite" time="0.215"/>
  <testcase name="testFindByIdMessageFromDb" classname="com.chat.service.MessageDbTestSuite" time="0.209"/>
  <system-out><![CDATA[2020-02-07 23:32:11.444  INFO 13144 --- [    Test worker] .b.t.c.SpringBootTestContextBootstrapper : Neither @ContextConfiguration nor @ContextHierarchy found for test class [com.chat.service.MessageDbTestSuite], using SpringBootContextLoader
2020-02-07 23:32:11.444  INFO 13144 --- [    Test worker] o.s.t.c.support.AbstractContextLoader    : Could not detect default resource locations for test class [com.chat.service.MessageDbTestSuite]: no resource found for suffixes {-context.xml, Context.groovy}.
2020-02-07 23:32:11.445  INFO 13144 --- [    Test worker] t.c.s.AnnotationConfigContextLoaderUtils : Could not detect default configuration classes for test class [com.chat.service.MessageDbTestSuite]: MessageDbTestSuite does not declare any static, non-private, non-final, nested classes annotated with @Configuration.
2020-02-07 23:32:11.446  INFO 13144 --- [    Test worker] .b.t.c.SpringBootTestContextBootstrapper : Found @SpringBootConfiguration com.chat.ChatApplication for test class com.chat.service.MessageDbTestSuite
2020-02-07 23:32:11.448  INFO 13144 --- [    Test worker] .b.t.c.SpringBootTestContextBootstrapper : Loaded default TestExecutionListener class names from location [META-INF/spring.factories]: [org.springframework.security.test.context.support.WithSecurityContextTestExecutionListener, org.springframework.security.test.context.support.ReactorContextTestExecutionListener, org.springframework.boot.test.autoconfigure.restdocs.RestDocsTestExecutionListener, org.springframework.boot.test.autoconfigure.web.client.MockRestServiceServerResetTestExecutionListener, org.springframework.boot.test.autoconfigure.web.servlet.MockMvcPrintOnlyOnFailureTestExecutionListener, org.springframework.boot.test.autoconfigure.web.servlet.WebDriverTestExecutionListener, org.springframework.boot.test.mock.mockito.MockitoTestExecutionListener, org.springframework.boot.test.mock.mockito.ResetMocksTestExecutionListener, org.springframework.test.context.web.ServletTestExecutionListener, org.springframework.test.context.support.DirtiesContextBeforeModesTestExecutionListener, org.springframework.test.context.support.DependencyInjectionTestExecutionListener, org.springframework.test.context.support.DirtiesContextTestExecutionListener, org.springframework.test.context.transaction.TransactionalTestExecutionListener, org.springframework.test.context.jdbc.SqlScriptsTestExecutionListener, org.springframework.test.context.event.EventPublishingTestExecutionListener]
2020-02-07 23:32:11.448  INFO 13144 --- [    Test worker] .b.t.c.SpringBootTestContextBootstrapper : Using TestExecutionListeners: [org.springframework.test.context.web.ServletTestExecutionListener@1537d197, org.springframework.test.context.support.DirtiesContextBeforeModesTestExecutionListener@7ccc08cc, org.springframework.boot.test.mock.mockito.MockitoTestExecutionListener@2e3373e3, org.springframework.boot.test.autoconfigure.SpringBootDependencyInjectionTestExecutionListener@4281db6d, org.springframework.test.context.support.DirtiesContextTestExecutionListener@691101c3, org.springframework.test.context.transaction.TransactionalTestExecutionListener@7587ee45, org.springframework.test.context.jdbc.SqlScriptsTestExecutionListener@409e277d, org.springframework.security.test.context.support.WithSecurityContextTestExecutionListener@c88d6b0, org.springframework.test.context.event.EventPublishingTestExecutionListener@6d76c1fb, org.springframework.security.test.context.support.ReactorContextTestExecutionListener@27c9ffd6, org.springframework.boot.test.autoconfigure.restdocs.RestDocsTestExecutionListener@165d919d, org.springframework.boot.test.autoconfigure.web.client.MockRestServiceServerResetTestExecutionListener@5caaf8b0, org.springframework.boot.test.autoconfigure.web.servlet.MockMvcPrintOnlyOnFailureTestExecutionListener@70883c7, org.springframework.boot.test.autoconfigure.web.servlet.WebDriverTestExecutionListener@6f57fbbf, org.springframework.boot.test.mock.mockito.ResetMocksTestExecutionListener@157c5eb1]
2020-02-07 23:32:11.453  INFO 13144 --- [    Test worker] com.chat.service.ChatUserDbService       : Creating empty FriendsList and assigning it to Dagmara
2020-02-07 23:32:11.550  INFO 13144 --- [    Test worker] com.chat.service.ChatUserDbService       : User added to DB
2020-02-07 23:32:11.550  INFO 13144 --- [    Test worker] com.chat.service.RolesDBService          : role "USER" has been assigned
2020-02-07 23:32:11.552  INFO 13144 --- [    Test worker] com.chat.service.ChatUserDbService       : Creating empty FriendsList and assigning it to Ania
2020-02-07 23:32:11.649  INFO 13144 --- [    Test worker] com.chat.service.ChatUserDbService       : User added to DB
2020-02-07 23:32:11.650  INFO 13144 --- [    Test worker] com.chat.service.RolesDBService          : role "USER" has been assigned
2020-02-07 23:32:11.652  INFO 13144 --- [    Test worker] com.chat.service.ConvDbService           : Starting new conversation
2020-02-07 23:32:11.655  INFO 13144 --- [    Test worker] com.chat.service.ConvDbService           : Conversation found
2020-02-07 23:32:11.667  INFO 13144 --- [    Test worker] com.chat.service.ChatUserDbService       : Creating empty FriendsList and assigning it to Dagmara
2020-02-07 23:32:11.764  INFO 13144 --- [    Test worker] com.chat.service.ChatUserDbService       : User added to DB
2020-02-07 23:32:11.764  INFO 13144 --- [    Test worker] com.chat.service.RolesDBService          : role "USER" has been assigned
2020-02-07 23:32:11.766  INFO 13144 --- [    Test worker] com.chat.service.ChatUserDbService       : Creating empty FriendsList and assigning it to Ania
2020-02-07 23:32:11.862  INFO 13144 --- [    Test worker] com.chat.service.ChatUserDbService       : User added to DB
2020-02-07 23:32:11.862  INFO 13144 --- [    Test worker] com.chat.service.RolesDBService          : role "USER" has been assigned
2020-02-07 23:32:11.864  INFO 13144 --- [    Test worker] com.chat.service.ConvDbService           : Starting new conversation
2020-02-07 23:32:11.867  INFO 13144 --- [    Test worker] com.chat.service.ConvDbService           : Conversation found
2020-02-07 23:32:11.883  INFO 13144 --- [    Test worker] com.chat.service.ChatUserDbService       : Creating empty FriendsList and assigning it to Dagmara
2020-02-07 23:32:11.981  INFO 13144 --- [    Test worker] com.chat.service.ChatUserDbService       : User added to DB
2020-02-07 23:32:11.982  INFO 13144 --- [    Test worker] com.chat.service.RolesDBService          : role "USER" has been assigned
2020-02-07 23:32:11.983  INFO 13144 --- [    Test worker] com.chat.service.ChatUserDbService       : Creating empty FriendsList and assigning it to Ania
2020-02-07 23:32:12.079  INFO 13144 --- [    Test worker] com.chat.service.ChatUserDbService       : User added to DB
2020-02-07 23:32:12.080  INFO 13144 --- [    Test worker] com.chat.service.RolesDBService          : role "USER" has been assigned
2020-02-07 23:32:12.082  INFO 13144 --- [    Test worker] com.chat.service.ConvDbService           : Starting new conversation
2020-02-07 23:32:12.085  INFO 13144 --- [    Test worker] com.chat.service.ConvDbService           : Conversation found
]]></system-out>
  <system-err><![CDATA[]]></system-err>
</testsuite>
